This is pdfTeX, Version 3.14159265-2.6-1.40.19 (MiKTeX 2.9.6730 64-bit) (preloaded format=pdflatex 2018.9.30)  20 JUN 2019 11:00
entering extended mode
**./InformeLaboratorio04_BI.tex
(InformeLaboratorio04_BI.tex
LaTeX2e <2018-04-01> patch level 5
("C:\Program Files\MiKTeX 2.9\tex\latex\base\article.cls"
Document Class: article 2014/09/29 v1.4h Standard LaTeX document class
("C:\Program Files\MiKTeX 2.9\tex\latex\base\size12.clo"
File: size12.clo 2014/09/29 v1.4h Standard LaTeX file (size option)
)
\c@part=\count80
\c@section=\count81
\c@subsection=\count82
\c@subsubsection=\count83
\c@paragraph=\count84
\c@subparagraph=\count85
\c@figure=\count86
\c@table=\count87
\abovecaptionskip=\skip41
\belowcaptionskip=\skip42
\bibindent=\dimen102
)
("C:\Program Files\MiKTeX 2.9\tex\latex\base\inputenc.sty"
Package: inputenc 2018/04/06 v1.3b Input encoding file
\inpenc@prehook=\toks14
\inpenc@posthook=\toks15
)
("C:\Program Files\MiKTeX 2.9\tex\generic\babel\babel.sty"
Package: babel 2018/06/05 3.22 The Babel package

("C:\Program Files\MiKTeX 2.9\tex\generic\babel\switch.def"
File: switch.def 2018/06/05 3.22 Babel switching mechanism
)
*************************************
* Local config file bblopts.cfg used
*
(C:\Users\Equipo\AppData\Roaming\MiKTeX\2.9\tex\latex\arabi\bblopts.cfg
File: bblopts.cfg 2005/09/08 v0.1 add Arabic and Farsi to "declared" options of
 babel
)
("C:\Program Files\MiKTeX 2.9\tex\latex\babel-spanish\spanish.ldf"
Language: spanish.ldf 2016/03/03 v5.0p Spanish support from the babel system

("C:\Program Files\MiKTeX 2.9\tex\generic\babel\babel.def"
File: babel.def 2018/06/05 3.22 Babel common definitions
\babel@savecnt=\count88
\U@D=\dimen103

("C:\Program Files\MiKTeX 2.9\tex\generic\babel\txtbabel.def")
\bbl@dirlevel=\count89
)
\es@quottoks=\toks16
\es@quotdepth=\count90
Package babel Info: Making " an active character on input line 561.
Package babel Info: Making . an active character on input line 662.
Package babel Info: Making < an active character on input line 707.
Package babel Info: Making > an active character on input line 707.
))
("C:\Program Files\MiKTeX 2.9\tex\latex\graphics\graphicx.sty"
Package: graphicx 2017/06/01 v1.1a Enhanced LaTeX Graphics (DPC,SPQR)

("C:\Program Files\MiKTeX 2.9\tex\latex\graphics\keyval.sty"
Package: keyval 2014/10/28 v1.15 key=value parser (DPC)
\KV@toks@=\toks17
)
("C:\Program Files\MiKTeX 2.9\tex\latex\graphics\graphics.sty"
Package: graphics 2017/06/25 v1.2c Standard LaTeX Graphics (DPC,SPQR)

("C:\Program Files\MiKTeX 2.9\tex\latex\graphics\trig.sty"
Package: trig 2016/01/03 v1.10 sin cos tan (DPC)
)
("C:\Program Files\MiKTeX 2.9\tex\latex\graphics-cfg\graphics.cfg"
File: graphics.cfg 2016/06/04 v1.11 sample graphics configuration
)
Package graphics Info: Driver file: pdftex.def on input line 99.

("C:\Program Files\MiKTeX 2.9\tex\latex\graphics-def\pdftex.def"
File: pdftex.def 2018/01/08 v1.0l Graphics/color driver for pdftex
))
\Gin@req@height=\dimen104
\Gin@req@width=\dimen105
)
("C:\Program Files\MiKTeX 2.9\tex\latex\geometry\geometry.sty"
Package: geometry 2018/04/16 v5.8 Page Geometry

("C:\Program Files\MiKTeX 2.9\tex\generic\oberdiek\ifpdf.sty"
Package: ifpdf 2017/03/15 v3.2 Provides the ifpdf switch
)
("C:\Program Files\MiKTeX 2.9\tex\generic\oberdiek\ifvtex.sty"
Package: ifvtex 2016/05/16 v1.6 Detect VTeX and its facilities (HO)
Package ifvtex Info: VTeX not detected.
)
("C:\Program Files\MiKTeX 2.9\tex\generic\ifxetex\ifxetex.sty"
Package: ifxetex 2010/09/12 v0.6 Provides ifxetex conditional
)
\Gm@cnth=\count91
\Gm@cntv=\count92
\c@Gm@tempcnt=\count93
\Gm@bindingoffset=\dimen106
\Gm@wd@mp=\dimen107
\Gm@odd@mp=\dimen108
\Gm@even@mp=\dimen109
\Gm@layoutwidth=\dimen110
\Gm@layoutheight=\dimen111
\Gm@layouthoffset=\dimen112
\Gm@layoutvoffset=\dimen113
\Gm@dimlist=\toks18

("C:\Program Files\MiKTeX 2.9\tex\latex\geometry\geometry.cfg"))
("C:\Program Files\MiKTeX 2.9\tex\latex\float\float.sty"
Package: float 2001/11/08 v1.3d Float enhancements (AL)
\c@float@type=\count94
\float@exts=\toks19
\float@box=\box26
\@float@everytoks=\toks20
\@floatcapt=\box27
)
("C:\Program Files\MiKTeX 2.9\tex\latex\amsmath\amsmath.sty"
Package: amsmath 2017/09/02 v2.17a AMS math features
\@mathmargin=\skip43

For additional information on amsmath, use the `?' option.
("C:\Program Files\MiKTeX 2.9\tex\latex\amsmath\amstext.sty"
Package: amstext 2000/06/29 v2.01 AMS text

("C:\Program Files\MiKTeX 2.9\tex\latex\amsmath\amsgen.sty"
File: amsgen.sty 1999/11/30 v2.0 generic functions
\@emptytoks=\toks21
\ex@=\dimen114
))
("C:\Program Files\MiKTeX 2.9\tex\latex\amsmath\amsbsy.sty"
Package: amsbsy 1999/11/29 v1.2d Bold Symbols
\pmbraise@=\dimen115
)
("C:\Program Files\MiKTeX 2.9\tex\latex\amsmath\amsopn.sty"
Package: amsopn 2016/03/08 v2.02 operator names
)
\inf@bad=\count95
LaTeX Info: Redefining \frac on input line 213.
\uproot@=\count96
\leftroot@=\count97
LaTeX Info: Redefining \overline on input line 375.
\classnum@=\count98
\DOTSCASE@=\count99
LaTeX Info: Redefining \ldots on input line 472.
LaTeX Info: Redefining \dots on input line 475.
LaTeX Info: Redefining \cdots on input line 596.
\Mathstrutbox@=\box28
\strutbox@=\box29
\big@size=\dimen116
LaTeX Font Info:    Redeclaring font encoding OML on input line 712.
LaTeX Font Info:    Redeclaring font encoding OMS on input line 713.
\macc@depth=\count100
\c@MaxMatrixCols=\count101
\dotsspace@=\muskip10
\c@parentequation=\count102
\dspbrk@lvl=\count103
\tag@help=\toks22
\row@=\count104
\column@=\count105
\maxfields@=\count106
\andhelp@=\toks23
\eqnshift@=\dimen117
\alignsep@=\dimen118
\tagshift@=\dimen119
\tagwidth@=\dimen120
\totwidth@=\dimen121
\lineht@=\dimen122
\@envbody=\toks24
\multlinegap=\skip44
\multlinetaggap=\skip45
\mathdisplay@stack=\toks25
LaTeX Info: Redefining \[ on input line 2817.
LaTeX Info: Redefining \] on input line 2818.
)
("C:\Program Files\MiKTeX 2.9\tex\latex\oberdiek\stackrel.sty"
Package: stackrel 2016/05/16 v1.3 Adding subscript option to stackrel (HO)

("C:\Program Files\MiKTeX 2.9\tex\generic\oberdiek\etexcmds.sty"
Package: etexcmds 2016/05/16 v1.6 Avoid name clashes with e-TeX commands (HO)

("C:\Program Files\MiKTeX 2.9\tex\generic\oberdiek\infwarerr.sty"
Package: infwarerr 2016/05/16 v1.4 Providing info/warning/error messages (HO)
)
("C:\Program Files\MiKTeX 2.9\tex\generic\oberdiek\ifluatex.sty"
Package: ifluatex 2016/05/16 v1.4 Provides the ifluatex switch (HO)
Package ifluatex Info: LuaTeX not detected.
)
Package etexcmds Info: Could not find \expanded.
(etexcmds)             That can mean that you are not using pdfTeX 1.50 or
(etexcmds)             that some package has redefined \expanded.
(etexcmds)             In the latter case, load this package earlier.
)
("C:\Program Files\MiKTeX 2.9\tex\generic\oberdiek\pdftexcmds.sty"
Package: pdftexcmds 2018/01/30 v0.27 Utility functions of pdfTeX for LuaTeX (HO
)

("C:\Program Files\MiKTeX 2.9\tex\generic\oberdiek\ltxcmds.sty"
Package: ltxcmds 2016/05/16 v1.23 LaTeX kernel commands for general use (HO)
)
Package pdftexcmds Info: LuaTeX not detected.
Package pdftexcmds Info: \pdf@primitive is available.
Package pdftexcmds Info: \pdf@ifprimitive is available.
Package pdftexcmds Info: \pdfdraftmode found.
))
("C:\Program Files\MiKTeX 2.9\tex\latex\multirow\multirow.sty"
Package: multirow 2016/11/25 v2.2 Span multiple rows of a table
\multirow@colwidth=\skip46
\multirow@cntb=\count107
\multirow@dima=\skip47
\bigstrutjot=\dimen123
)
("C:\Program Files\MiKTeX 2.9\tex\latex\tools\enumerate.sty"
Package: enumerate 2015/07/23 v3.00 enumerate extensions (DPC)
\@enLab=\toks26
)
(InformeLaboratorio04_BI.aux
LaTeX Info: Redefining \. on input line 6.
LaTeX Info: Redefining \% on input line 6.
 (Secciones/Actividad01.aux)
(Secciones/Actividad02.aux) (Secciones/Actividad03.aux))
\openout1 = `InformeLaboratorio04_BI.aux'.

LaTeX Font Info:    Checking defaults for OML/cmm/m/it on input line 19.
LaTeX Font Info:    ... okay on input line 19.
LaTeX Font Info:    Checking defaults for T1/cmr/m/n on input line 19.
LaTeX Font Info:    ... okay on input line 19.
LaTeX Font Info:    Checking defaults for OT1/cmr/m/n on input line 19.
LaTeX Font Info:    ... okay on input line 19.
LaTeX Font Info:    Checking defaults for OMS/cmsy/m/n on input line 19.
LaTeX Font Info:    ... okay on input line 19.
LaTeX Font Info:    Checking defaults for OMX/cmex/m/n on input line 19.
LaTeX Font Info:    ... okay on input line 19.
LaTeX Font Info:    Checking defaults for U/cmr/m/n on input line 19.
LaTeX Font Info:    ... okay on input line 19.
LaTeX Info: Redefining \. on input line 19.
LaTeX Info: Redefining \% on input line 19.

(C:\Users\Equipo\AppData\Roaming\MiKTeX\2.9\tex\context\base\supp-pdf.mkii
[Loading MPS to PDF converter (version 2006.09.02).]
\scratchcounter=\count108
\scratchdimen=\dimen124
\scratchbox=\box30
\nofMPsegments=\count109
\nofMParguments=\count110
\everyMPshowfont=\toks27
\MPscratchCnt=\count111
\MPscratchDim=\dimen125
\MPnumerator=\count112
\makeMPintoPDFobject=\count113
\everyMPtoPDFconversion=\toks28
) ("C:\Program Files\MiKTeX 2.9\tex\latex\oberdiek\epstopdf-base.sty"
Package: epstopdf-base 2016/05/15 v2.6 Base part for package epstopdf

("C:\Program Files\MiKTeX 2.9\tex\latex\oberdiek\grfext.sty"
Package: grfext 2016/05/16 v1.2 Manage graphics extensions (HO)

("C:\Program Files\MiKTeX 2.9\tex\generic\oberdiek\kvdefinekeys.sty"
Package: kvdefinekeys 2016/05/16 v1.4 Define keys (HO)
))
("C:\Program Files\MiKTeX 2.9\tex\latex\oberdiek\kvoptions.sty"
Package: kvoptions 2016/05/16 v3.12 Key value format for package options (HO)

("C:\Program Files\MiKTeX 2.9\tex\generic\oberdiek\kvsetkeys.sty"
Package: kvsetkeys 2016/05/16 v1.17 Key value parser (HO)
))
Package epstopdf-base Info: Redefining graphics rule for `.eps' on input line 4
38.
Package grfext Info: Graphics extension search list:
(grfext)             [.pdf,.png,.jpg,.mps,.jpeg,.jbig2,.jb2,.PDF,.PNG,.JPG,.JPE
G,.JBIG2,.JB2,.eps]
(grfext)             \AppendGraphicsExtensions on input line 456.
)
*geometry* driver: auto-detecting
*geometry* detected driver: pdftex
*geometry* verbose mode - [ preamble ] result:
* driver: pdftex
* paper: letterpaper
* layout: <same size as paper>
* layoutoffset:(h,v)=(0.0pt,0.0pt)
* modes: 
* h-part:(L,W,R)=(56.9055pt, 500.484pt, 56.9055pt)
* v-part:(T,H,B)=(56.9055pt, 681.15898pt, 56.9055pt)
* \paperwidth=614.295pt
* \paperheight=794.96999pt
* \textwidth=500.484pt
* \textheight=681.15898pt
* \oddsidemargin=-15.36449pt
* \evensidemargin=-15.36449pt
* \topmargin=-52.36449pt
* \headheight=12.0pt
* \headsep=25.0pt
* \topskip=12.0pt
* \footskip=30.0pt
* \marginparwidth=44.0pt
* \marginparsep=10.0pt
* \columnsep=10.0pt
* \skip\footins=10.8pt plus 4.0pt minus 2.0pt
* \hoffset=0.0pt
* \voffset=0.0pt
* \mag=1000
* \@twocolumnfalse
* \@twosidefalse
* \@mparswitchfalse
* \@reversemarginfalse
* (1in=72.27pt=25.4mm, 1cm=28.453pt)

<./Imagenes/logo.jpg, id=1, 276.03125pt x 183.68625pt>
File: ./Imagenes/logo.jpg Graphic file (type jpg)
<use ./Imagenes/logo.jpg>
Package pdftex.def Info: ./Imagenes/logo.jpg  used on input line 39.
(pdftex.def)             Requested size: 227.62204pt x 151.47853pt.
[1

{C:/Users/Equipo/AppData/Local/MiKTeX/2.9/pdftex/config/pdftex.map} <./Imagenes
/logo.jpg>] (InformeLaboratorio04_BI.toc
LaTeX Info: Redefining \. on input line 1.
LaTeX Info: Redefining \% on input line 1.
)
\tf@toc=\write3
\openout3 = `InformeLaboratorio04_BI.toc'.

 [1]
\openout2 = `Secciones/Actividad01.aux'.

 (Secciones/Actividad01.tex
<./Imagenes/ejercicio1.png, id=11, 605.26125pt x 382.42876pt>
File: ./Imagenes/ejercicio1.png Graphic file (type png)
<use ./Imagenes/ejercicio1.png>
Package pdftex.def Info: ./Imagenes/ejercicio1.png  used on input line 8.
(pdftex.def)             Requested size: 483.69684pt x 305.62247pt.

Underfull \hbox (badness 10000) in paragraph at lines 11--16

 []

<./Imagenes/Ejercicio1Logico.jpg, id=13, 603.0028pt x 310.15875pt>
File: ./Imagenes/Ejercicio1Logico.jpg Graphic file (type jpg)
<use ./Imagenes/Ejercicio1Logico.jpg>
Package pdftex.def Info: ./Imagenes/Ejercicio1Logico.jpg  used on input line 23
.
(pdftex.def)             Requested size: 483.69684pt x 248.7899pt.

Overfull \hbox (12.58754pt too wide) in paragraph at lines 23--24
 [] 
 []

[1

 <./Imagenes/ejercicio1.png>]
<./Imagenes/Ejercicio1Fisico.png, id=19, 676.02562pt x 427.5975pt>
File: ./Imagenes/Ejercicio1Fisico.png Graphic file (type png)
<use ./Imagenes/Ejercicio1Fisico.png>
Package pdftex.def Info: ./Imagenes/Ejercicio1Fisico.png  used on input line 31
.
(pdftex.def)             Requested size: 483.69684pt x 305.95172pt.

Overfull \hbox (12.58754pt too wide) in paragraph at lines 31--32
 [] 
 []

[2 <./Imagenes/Ejercicio1Logico.jpg> <./Imagenes/Ejercicio1Fisico.png>]
<./Imagenes/Ejercicio1Fisico1.jpg, id=24, 433.62pt x 392.96812pt>
File: ./Imagenes/Ejercicio1Fisico1.jpg Graphic file (type jpg)
<use ./Imagenes/Ejercicio1Fisico1.jpg>
Package pdftex.def Info: ./Imagenes/Ejercicio1Fisico1.jpg  used on input line 3
7.
(pdftex.def)             Requested size: 483.69684pt x 438.37039pt.

Overfull \hbox (12.58754pt too wide) in paragraph at lines 37--38
 [] 
 []

<./Imagenes/Ejercicio1Fisico2.jpg, id=25, 730.22812pt x 345.54094pt>
File: ./Imagenes/Ejercicio1Fisico2.jpg Graphic file (type jpg)
<use ./Imagenes/Ejercicio1Fisico2.jpg>
Package pdftex.def Info: ./Imagenes/Ejercicio1Fisico2.jpg  used on input line 4
1.
(pdftex.def)             Requested size: 483.69684pt x 228.8855pt.

Overfull \hbox (12.58754pt too wide) in paragraph at lines 41--42
 [] 
 []

[3 <./Imagenes/Ejercicio1Fisico1.jpg>]) [4 <./Imagenes/Ejercicio1Fisico2.jpg>]
\openout2 = `Secciones/Actividad02.aux'.


(Secciones/Actividad02.tex
<./Imagenes/ejercicio2.png, id=32, 648.92438pt x 417.81094pt>
File: ./Imagenes/ejercicio2.png Graphic file (type png)
<use ./Imagenes/ejercicio2.png>
Package pdftex.def Info: ./Imagenes/ejercicio2.png  used on input line 8.
(pdftex.def)             Requested size: 483.69684pt x 311.4321pt.

Underfull \hbox (badness 10000) in paragraph at lines 11--13

 []

<./Imagenes/Ejercicio2Logico.jpg, id=33, 619.56468pt x 311.66437pt>
File: ./Imagenes/Ejercicio2Logico.jpg Graphic file (type jpg)
<use ./Imagenes/Ejercicio2Logico.jpg>
Package pdftex.def Info: ./Imagenes/Ejercicio2Logico.jpg  used on input line 20
.
(pdftex.def)             Requested size: 483.69684pt x 243.31598pt.

Overfull \hbox (12.58754pt too wide) in paragraph at lines 20--21
 [] 
 []

[5


 <./Imagenes/ejercicio2.png>]
<./Imagenes/Ejercicio2Fisico.jpg, id=39, 699.36281pt x 435.12563pt>
File: ./Imagenes/Ejercicio2Fisico.jpg Graphic file (type jpg)
<use ./Imagenes/Ejercicio2Fisico.jpg>
Package pdftex.def Info: ./Imagenes/Ejercicio2Fisico.jpg  used on input line 28
.
(pdftex.def)             Requested size: 483.69684pt x 300.94742pt.

Overfull \hbox (12.58754pt too wide) in paragraph at lines 28--29
 [] 
 []

<./Imagenes/Ejercicio2Fisico1.jpg, id=40, 584.93532pt x 350.05782pt>
File: ./Imagenes/Ejercicio2Fisico1.jpg Graphic file (type jpg)
<use ./Imagenes/Ejercicio2Fisico1.jpg>
Package pdftex.def Info: ./Imagenes/Ejercicio2Fisico1.jpg  used on input line 3
4.
(pdftex.def)             Requested size: 483.69684pt x 289.47961pt.

Overfull \hbox (12.58754pt too wide) in paragraph at lines 34--35
 [] 
 []

[6 <./Imagenes/Ejercicio2Logico.jpg> <./Imagenes/Ejercicio2Fisico.jpg>]
<./Imagenes/Ejercicio2Fisico2.jpg, id=44, 751.30687pt x 284.56313pt>
File: ./Imagenes/Ejercicio2Fisico2.jpg Graphic file (type jpg)
<use ./Imagenes/Ejercicio2Fisico2.jpg>
Package pdftex.def Info: ./Imagenes/Ejercicio2Fisico2.jpg  used on input line 3
8.
(pdftex.def)             Requested size: 483.69684pt x 183.20529pt.

Overfull \hbox (12.58754pt too wide) in paragraph at lines 38--39
 [] 
 []

) [7 <./Imagenes/Ejercicio2Fisico1.jpg> <./Imagenes/Ejercicio2Fisico2.jpg>]
\openout2 = `Secciones/Actividad03.aux'.


(Secciones/Actividad03.tex
<./Imagenes/ejercicio3.png, id=48, 642.14906pt x 456.95718pt>
File: ./Imagenes/ejercicio3.png Graphic file (type png)
<use ./Imagenes/ejercicio3.png>
Package pdftex.def Info: ./Imagenes/ejercicio3.png  used on input line 10.
(pdftex.def)             Requested size: 483.69684pt x 344.20917pt.

Underfull \hbox (badness 10000) in paragraph at lines 13--16

 []

<./Imagenes/Ejercicio3Logico.jpg, id=49, 621.07031pt x 325.215pt>
File: ./Imagenes/Ejercicio3Logico.jpg Graphic file (type jpg)
<use ./Imagenes/Ejercicio3Logico.jpg>
Package pdftex.def Info: ./Imagenes/Ejercicio3Logico.jpg  used on input line 23
.
(pdftex.def)             Requested size: 483.69684pt x 253.2796pt.

Overfull \hbox (12.58754pt too wide) in paragraph at lines 23--24
 [] 
 []

[8


 <./Imagenes/ejercicio3.png>]
<./Imagenes/Ejercicio3Fisico.jpg, id=54, 662.475pt x 432.86719pt>
File: ./Imagenes/Ejercicio3Fisico.jpg Graphic file (type jpg)
<use ./Imagenes/Ejercicio3Fisico.jpg>
Package pdftex.def Info: ./Imagenes/Ejercicio3Fisico.jpg  used on input line 31
.
(pdftex.def)             Requested size: 483.69684pt x 316.04985pt.

Overfull \hbox (12.58754pt too wide) in paragraph at lines 31--32
 [] 
 []

[9 <./Imagenes/Ejercicio3Logico.jpg> <./Imagenes/Ejercicio3Fisico.jpg>]
<./Imagenes/Ejercicio3Fisico1.jpg, id=58, 599.23875pt x 374.14781pt>
File: ./Imagenes/Ejercicio3Fisico1.jpg Graphic file (type jpg)
<use ./Imagenes/Ejercicio3Fisico1.jpg>
Package pdftex.def Info: ./Imagenes/Ejercicio3Fisico1.jpg  used on input line 3
7.
(pdftex.def)             Requested size: 483.69684pt x 302.0133pt.

Overfull \hbox (12.58754pt too wide) in paragraph at lines 37--38
 [] 
 []

<./Imagenes/Ejercicio3Fisico2.jpg, id=59, 763.35187pt x 264.23718pt>
File: ./Imagenes/Ejercicio3Fisico2.jpg Graphic file (type jpg)
<use ./Imagenes/Ejercicio3Fisico2.jpg>
Package pdftex.def Info: ./Imagenes/Ejercicio3Fisico2.jpg  used on input line 4
1.
(pdftex.def)             Requested size: 483.69684pt x 167.43393pt.

Overfull \hbox (12.58754pt too wide) in paragraph at lines 41--42
 [] 
 []

) [10 <./Imagenes/Ejercicio3Fisico1.jpg> <./Imagenes/Ejercicio3Fisico2.jpg>]
(InformeLaboratorio04_BI.aux
LaTeX Info: Redefining \. on input line 6.
LaTeX Info: Redefining \% on input line 6.
 (Secciones/Actividad01.aux)
(Secciones/Actividad02.aux) (Secciones/Actividad03.aux)) ) 
Here is how much of TeX's memory you used:
 3711 strings out of 492973
 53482 string characters out of 3135929
 132698 words of memory out of 3000000
 7482 multiletter control sequences out of 15000+200000
 8261 words of font info for 30 fonts, out of 3000000 for 9000
 1141 hyphenation exceptions out of 8191
 34i,5n,31p,368b,359s stack positions out of 5000i,500n,10000p,200000b,50000s
<C:/Program Files/MiK
TeX 2.9/fonts/type1/public/amsfonts/cm/cmbx12.pfb><C:/Program Files/MiKTeX 2.9/
fonts/type1/public/amsfonts/cm/cmr12.pfb><C:/Program Files/MiKTeX 2.9/fonts/typ
e1/public/amsfonts/cm/cmsy10.pfb>
Output written on InformeLaboratorio04_BI.pdf (12 pages, 1023266 bytes).
PDF statistics:
 74 PDF objects out of 1000 (max. 8388607)
 0 named destinations out of 1000 (max. 500000)
 81 words of extra memory for PDF output out of 10000 (max. 10000000)

